<?xml version="1.0" encoding="UTF-8"?>
<testsuite xmlns:xsi="http://www.w3.org/2001/XMLSchema-instance" xsi:noNamespaceSchemaLocation="https://maven.apache.org/surefire/maven-surefire-plugin/xsd/surefire-test-report.xsd" version="3.0.2" name="es.ies.puerto.service.UsuarioServiceTest" time="0.243" tests="6" errors="0" skipped="0" failures="0">
  <properties>
[...]
</properties>
  <testcase name="findAll_returnsAllUsers" classname="es.ies.puerto.service.UsuarioServiceTest" time="0.222"/>
  <testcase name="delete_existing_returnsTrue" classname="es.ies.puerto.service.UsuarioServiceTest" time="0.006"/>
  <testcase name="save_callsRepository" classname="es.ies.puerto.service.UsuarioServiceTest" time="0.003"/>
  <testcase name="delete_notExisting_returnsFalse" classname="es.ies.puerto.service.UsuarioServiceTest" time="0.003"/>
  <testcase name="findById_notExisting_returnsEmpty" classname="es.ies.puerto.service.UsuarioServiceTest" time="0.001"/>
  <testcase name="findById_existing_returnsUser" classname="es.ies.puerto.service.UsuarioServiceTest" time="0.002"/>
</testsuite>