<?xml version="1.0" encoding="UTF-8"?>
<testsuite xmlns:xsi="http://www.w3.org/2001/XMLSchema-instance" xsi:noNamespaceSchemaLocation="https://maven.apache.org/surefire/maven-surefire-plugin/xsd/surefire-test-report-3.0.xsd" version="3.0" name="es.ies.puerto.controller.AddActividadControllerTest" time="0.033" tests="6" errors="0" skipped="0" failures="0">
  <properties>
[...]
</properties>
  <testcase name="testGuardadoInicialFalse" classname="es.ies.puerto.controller.AddActividadControllerTest" time="0.004"/>
  <testcase name="testGuardarDatosValidos" classname="es.ies.puerto.controller.AddActividadControllerTest" time="0.004"/>
  <testcase name="testGuardarDatosDuplicados" classname="es.ies.puerto.controller.AddActividadControllerTest" time="0.004"/>
  <testcase name="testParseoCamposNumericos" classname="es.ies.puerto.controller.AddActividadControllerTest" time="0.006"/>
  <testcase name="testParseoInvalidoLanzaExcepcion" classname="es.ies.puerto.controller.AddActividadControllerTest" time="0.005"/>
  <testcase name="testParseoVacioLanzaExcepcion" classname="es.ies.puerto.controller.AddActividadControllerTest" time="0.003"/>
</testsuite>